[debug] [2019-11-17T04:36:29.648Z] ----------------------------------------------------------------------
[debug] [2019-11-17T04:36:29.651Z] Command:       C:\Program Files\nodejs\node.exe C:\Users\jchen\AppData\Roaming\npm\node_modules\firebase-tools\lib\bin\firebase.js init
[debug] [2019-11-17T04:36:29.651Z] CLI Version:   7.7.0
[debug] [2019-11-17T04:36:29.651Z] Platform:      win32
[debug] [2019-11-17T04:36:29.651Z] Node Version:  v12.13.0
[debug] [2019-11-17T04:36:29.652Z] Time:          Sun Nov 17 2019 04:36:29 GMT+0000 (Greenwich Mean Time)
[debug] [2019-11-17T04:36:29.652Z] ----------------------------------------------------------------------
[debug] [2019-11-17T04:36:29.652Z] 
[debug] [2019-11-17T04:36:29.658Z] > command requires scopes: ["email","openid","https://www.googleapis.com/auth/cloudplatformprojects.readonly","https://www.googleapis.com/auth/firebase","https://www.googleapis.com/auth/cloud-platform"]
[debug] [2019-11-17T04:36:29.658Z] > authorizing via signed-in user
[info] 
     ######## #### ########  ######## ########     ###     ######  ########
     ##        ##  ##     ## ##       ##     ##  ##   ##  ##       ##
     ######    ##  ########  ######   ########  #########  ######  ######
     ##        ##  ##    ##  ##       ##     ## ##     ##       ## ##
     ##       #### ##     ## ######## ########  ##     ##  ######  ########

You're about to initialize a Firebase project in this directory:

  C:\Users\jchen\Desktop\HackTrain VI\journey-planner

[info] 
=== Project Setup
[info] 
[info] First, let's associate this project directory with a Firebase project.
[info] You can create multiple project aliases by running firebase use --add, 
[info] but for now we'll just set up a default project.
[info] 
[info] i  If you want to create a project in a Google Cloud organization or folder, please use "firebase projects:create" instead, and return to this command when you've created the project.
[debug] [2019-11-17T04:36:52.502Z] >>> HTTP REQUEST POST https://cloudresourcemanager.googleapis.com/v1/projects  

[debug] [2019-11-17T04:36:53.248Z] <<< HTTP RESPONSE 409
[debug] [2019-11-17T04:36:53.249Z] <<< HTTP RESPONSE BODY
[debug] [2019-11-17T04:36:53.250Z] HTTP Error: 409, Requested entity already exists
[debug] [2019-11-17T04:36:53.298Z] FirebaseError: HTTP Error: 409, Requested entity already exists
    at module.exports (C:\Users\jchen\AppData\Roaming\npm\node_modules\firebase-tools\lib\responseToError.js:38:12)
    at Request._callback (C:\Users\jchen\AppData\Roaming\npm\node_modules\firebase-tools\lib\api.js:39:35)
    at Request.self.callback (C:\Users\jchen\AppData\Roaming\npm\node_modules\firebase-tools\node_modules\request\request.js:185:22)
    at Request.emit (events.js:210:5)
    at Request.EventEmitter.emit (domain.js:476:20)
    at Request.<anonymous> (C:\Users\jchen\AppData\Roaming\npm\node_modules\firebase-tools\node_modules\request\request.js:1161:10)
    at Request.emit (events.js:210:5)
    at Request.EventEmitter.emit (domain.js:476:20)
    at IncomingMessage.<anonymous> (C:\Users\jchen\AppData\Roaming\npm\node_modules\firebase-tools\node_modules\request\request.js:1083:12)
    at Object.onceWrapper (events.js:299:28)
[error] 
[error] Error: Failed to create Google Cloud project. See firebase-debug.log for more info.
[debug] [2019-11-17T04:37:56.102Z] ----------------------------------------------------------------------
[debug] [2019-11-17T04:37:56.107Z] Command:       C:\Program Files\nodejs\node.exe C:\Users\jchen\AppData\Roaming\npm\node_modules\firebase-tools\lib\bin\firebase.js deploy --only functions --debug
[debug] [2019-11-17T04:37:56.108Z] CLI Version:   7.7.0
[debug] [2019-11-17T04:37:56.108Z] Platform:      win32
[debug] [2019-11-17T04:37:56.108Z] Node Version:  v12.13.0
[debug] [2019-11-17T04:37:56.110Z] Time:          Sun Nov 17 2019 04:37:56 GMT+0000 (Greenwich Mean Time)
[debug] [2019-11-17T04:37:56.110Z] ----------------------------------------------------------------------
[debug] [2019-11-17T04:37:56.111Z] 
[error] 
[error] Error: Not in a Firebase app directory (could not locate firebase.json)
