[debug] [2019-11-17T04:50:54.270Z] ----------------------------------------------------------------------
[debug] [2019-11-17T04:50:54.272Z] Command:       C:\Program Files\nodejs\node.exe C:\Users\jchen\AppData\Roaming\npm\node_modules\firebase-tools\lib\bin\firebase.js init
[debug] [2019-11-17T04:50:54.272Z] CLI Version:   7.7.0
[debug] [2019-11-17T04:50:54.273Z] Platform:      win32
[debug] [2019-11-17T04:50:54.273Z] Node Version:  v12.13.0
[debug] [2019-11-17T04:50:54.274Z] Time:          Sun Nov 17 2019 04:50:54 GMT+0000 (Greenwich Mean Time)
[debug] [2019-11-17T04:50:54.274Z] ----------------------------------------------------------------------
[debug] [2019-11-17T04:50:54.274Z] 
[debug] [2019-11-17T04:50:54.279Z] > command requires scopes: ["email","openid","https://www.googleapis.com/auth/cloudplatformprojects.readonly","https://www.googleapis.com/auth/firebase","https://www.googleapis.com/auth/cloud-platform"]
[debug] [2019-11-17T04:50:54.280Z] > authorizing via signed-in user
[info] 
     ######## #### ########  ######## ########     ###     ######  ########
     ##        ##  ##     ## ##       ##     ##  ##   ##  ##       ##
     ######    ##  ########  ######   ########  #########  ######  ######
     ##        ##  ##    ##  ##       ##     ## ##     ##       ## ##
     ##       #### ##     ## ######## ########  ##     ##  ######  ########

You're about to initialize a Firebase project in this directory:

  C:\Users\jchen\Desktop\HackTrain VI\journey-planner\src

[info] 
=== Project Setup
[info] 
[info] First, let's associate this project directory with a Firebase project.
[info] You can create multiple project aliases by running firebase use --add, 
[info] but for now we'll just set up a default project.
[info] 
[debug] [2019-11-17T04:50:59.164Z] >>> HTTP REQUEST GET https://firebase.googleapis.com/v1beta1/availableProjects?pageSize=100  
 
[debug] [2019-11-17T04:50:59.672Z] <<< HTTP RESPONSE 200
[debug] [2019-11-17T04:51:01.858Z] >>> HTTP REQUEST POST https://firebase.googleapis.com/v1beta1/projects/routeplannerprototype:addFirebase  
 
[debug] [2019-11-17T04:51:02.098Z] <<< HTTP RESPONSE 403
[debug] [2019-11-17T04:51:02.098Z] <<< HTTP RESPONSE BODY
[debug] [2019-11-17T04:51:02.099Z] HTTP Error: 403, The caller does not have permission
[debug] [2019-11-17T04:51:02.148Z] FirebaseError: HTTP Error: 403, The caller does not have permission
    at module.exports (C:\Users\jchen\AppData\Roaming\npm\node_modules\firebase-tools\lib\responseToError.js:38:12)
    at Request._callback (C:\Users\jchen\AppData\Roaming\npm\node_modules\firebase-tools\lib\api.js:39:35)
    at Request.self.callback (C:\Users\jchen\AppData\Roaming\npm\node_modules\firebase-tools\node_modules\request\request.js:185:22)
    at Request.emit (events.js:210:5)
    at Request.EventEmitter.emit (domain.js:476:20)
    at Request.<anonymous> (C:\Users\jchen\AppData\Roaming\npm\node_modules\firebase-tools\node_modules\request\request.js:1161:10)
    at Request.emit (events.js:210:5)
    at Request.EventEmitter.emit (domain.js:476:20)
    at IncomingMessage.<anonymous> (C:\Users\jchen\AppData\Roaming\npm\node_modules\firebase-tools\node_modules\request\request.js:1083:12)
    at Object.onceWrapper (events.js:299:28)
[error] 
[error] Error: Failed to add Firebase to Google Cloud Platform project. See firebase-debug.log for more info.
